<?xml version="1.0" encoding="UTF-8"?>
<!-- Generated by org.testng.reporters.JUnitReportReporter -->
<testsuite hostname="LAPTOP-HHK0834B" failures="0" tests="2" name="parallel.P1" time="173.653" errors="0" timestamp="2021-04-05T01:23:31 IST" skipped="0">
  <testcase classname="parallel.P1" name="task" time="80.697"/>
  <system-out>
Blazers for Men - Buy Men Blazer Online in India at Best Price | Myntra https://www.myntra.com/men-blazers  </system-out>
  <testcase classname="parallel.P1" name="task" time="92.956"/>
  <system-out>
Online Shopping for Women, Men, Kids Fashion & Lifestyle - Myntra https://www.myntra.com/  </system-out>
</testsuite> <!-- parallel.P1 -->
