<?xml version="1.0" encoding="UTF-8"?>
<!-- Generated by org.testng.reporters.JUnitReportReporter -->
<testsuite hostname="LAPTOP-HHK0834B" failures="0" tests="3" name="testNG.TestNG" time="0.027" errors="0" timestamp="2021-03-30T02:24:05 IST" skipped="0">
  <testcase classname="testNG.TestNG" name="demo" time="0.018"/>
  <system-out>
byee  </system-out>
  <testcase classname="testNG.TestNG" name="d2" time="0.004"/>
  <system-out>
hello  </system-out>
  <testcase classname="testNG.TestNG" name="d1" time="0.005"/>
  <system-out>
hiii  </system-out>
</testsuite> <!-- testNG.TestNG -->
