<?xml version="1.0" encoding="UTF-8"?>
<!-- Generated by org.testng.reporters.JUnitReportReporter -->
<testsuite hostname="LAPTOP-HHK0834B" failures="0" tests="1" name="testNG3.T2" time="29.159" errors="0" timestamp="2021-04-06T00:58:19 IST" skipped="0">
  <testcase classname="testNG3.T2" name="case2" time="29.159"/>
  <system-out/>
</testsuite> <!-- testNG3.T2 -->
