<?xml version="1.0" encoding="UTF-8"?>
<!-- Generated by org.testng.reporters.JUnitReportReporter -->
<testsuite hostname="LAPTOP-HHK0834B" failures="0" tests="1" name="testNG.Test1" time="25.102" errors="0" timestamp="2021-03-30T02:57:21 IST" skipped="0">
  <testcase classname="testNG.Test1" name="task" time="25.102"/>
  <system-out/>
</testsuite> <!-- testNG.Test1 -->
