<?xml version="1.0" encoding="UTF-8"?>
<!-- Generated by org.testng.reporters.JUnitReportReporter -->
<testsuite hostname="LAPTOP-HHK0834B" failures="0" tests="1" name="testNG3.T3" time="27.271" errors="0" timestamp="2021-04-06T00:58:19 IST" skipped="0">
  <testcase classname="testNG3.T3" name="case3" time="27.271"/>
  <system-out/>
</testsuite> <!-- testNG3.T3 -->
