<?xml version="1.0" encoding="UTF-8"?>
<!-- Generated by org.testng.reporters.JUnitReportReporter -->
<testsuite hostname="LAPTOP-HHK0834B" failures="0" tests="1" name="testNG.T3" time="38.328" errors="0" timestamp="2021-04-05T04:16:13 IST" skipped="0">
  <testcase classname="testNG.T3" name="task2" time="38.328"/>
  <system-out/>
</testsuite> <!-- testNG.T3 -->
