<?xml version="1.0" encoding="UTF-8"?>
<!-- Generated by org.testng.reporters.JUnitReportReporter -->
<testsuite hostname="LAPTOP-HHK0834B" failures="0" tests="12" name="test.t1" time="0.273" errors="0" timestamp="2021-04-05T03:54:12 IST" skipped="1">
  <testcase classname="test.t1" name="startApp1" time="0.010"/>
  <system-out>
hiiiiiiii  </system-out>
  <testcase classname="test.t1" name="startApp1" time="0.011"/>
  <system-out>
hiiiiiiii  </system-out>
  <testcase classname="test.t1" name="startApp1" time="0.017"/>
  <system-out>
hiiiiiiii  </system-out>
  <testcase classname="test.t1" name="startApp1" time="0.014"/>
  <system-out>
hiiiiiiii  </system-out>
  <testcase classname="test.t1" name="startApp1" time="0.010"/>
  <system-out>
hiiiiiiii  </system-out>
  <testcase classname="test.t1" name="startApp1" time="0.016"/>
  <system-out>
hiiiiiiii  </system-out>
  <testcase classname="test.t1" name="startApp1" time="0.025"/>
  <system-out>
hiiiiiiii  </system-out>
  <testcase classname="test.t1" name="startApp1" time="0.008"/>
  <system-out>
hiiiiiiii  </system-out>
  <testcase classname="test.t1" name="startApp1" time="0.143"/>
  <system-out>
hiiiiiiii  </system-out>
  <testcase classname="test.t1" name="startApp1" time="0.014"/>
  <system-out>
hiiiiiiii  </system-out>
  <testcase classname="test.t1" name="startApp" time="0.005"/>
  <system-out>
hello  </system-out>
  <testcase classname="test.t1" name="startApp2">
    <skipped/>
  </testcase> <!-- startApp2 -->
  <system-out/>
</testsuite> <!-- test.t1 -->
