<?xml version="1.0" encoding="UTF-8"?>
<!-- Generated by org.testng.reporters.JUnitReportReporter -->
<testsuite hostname="LAPTOP-HHK0834B" failures="0" tests="1" name="testNG2.T11" time="68.321" errors="0" timestamp="2021-04-04T23:51:33 IST" skipped="0">
  <testcase classname="testNG2.T11" name="task" time="68.321"/>
  <system-out>
Blazers for Men - Buy Men Blazer Online in India at Best Price | Myntra https://www.myntra.com/men-blazers  </system-out>
</testsuite> <!-- testNG2.T11 -->
